2024.11.11 11:11:34 INFO  Started: Metals version 1.3.5 in folders '/Users/stsagarino/Desktop/sht/api' for client Sublime Text LSP 2.2.0.
SLF4J(W): Class path contains multiple SLF4J providers.
SLF4J(W): Found provider [scribe.slf4j.ScribeServiceProvider@6f897d98]
SLF4J(W): Found provider [ch.qos.logback.classic.spi.LogbackServiceProvider@315e8cb2]
SLF4J(W): See https://www.slf4j.org/codes.html#multiple_bindings for an explanation.
SLF4J(I): Actual provider is of type [scribe.slf4j.ScribeServiceProvider@6f897d98]
2024.11.11 11:11:35 WARN  Flyway upgrade recommended: H2 2.3.230 is newer than this version of Flyway and support has not been tested. The latest supported version of H2 is 2.2.220.
2024.11.11 11:11:36 INFO  Attempting to connect to the build server...
2024.11.11 11:11:37 INFO  no build target found for /Users/stsagarino/Desktop/sht/api/app/model/domain/Habit.scala. Using presentation compiler with project's scala-library version: 3.3.3
2024.11.11 11:11:38 INFO  tracing is disabled for protocol BSP, to enable tracing of incoming and outgoing JSON messages create an empty file at /Users/stsagarino/Desktop/sht/api/.metals/bsp.trace.json or /Users/stsagarino/Library/Caches/org.scalameta.metals/bsp.trace.json
2024.11.11 11:11:39 INFO  time: Connected to build server in 2.83s
2024.11.11 11:11:39 INFO  Connected to Build server: Bloop v1.6.0
2024.11.11 11:11:39 INFO  time: Imported build in 0.24s
2024.11.11 11:11:38 INFO  running doctor check
2024.11.11 11:11:38 INFO  java targets: root-test, root
2024.11.11 11:11:43 INFO  compiling root (10 scala sources and 1 java source)
2024.11.11 11:11:54 INFO  time: compiled root in 11s
2024.11.11 11:11:54 INFO  compiling root (10 scala sources and 1 java source)
2024.11.11 11:11:58 WARN  Flyway upgrade recommended: H2 2.3.230 is newer than this version of Flyway and support has not been tested. The latest supported version of H2 is 2.2.220.
2024.11.11 11:12:02 INFO  time: compiled root in 7.47s
2024.11.11 11:12:02 INFO  compiling root (10 scala sources and 1 java source)
exception caught when loading module class Typeable$package$: java.lang.AssertionError: assertion failed: denotation class WithPureFuns invalid in run 3. ValidFor: Period(1..5, run = 4)
exception caught when loading module class package$: java.lang.AssertionError: assertion failed: denotation class Typeable$package invalid in run 3. ValidFor: Period(1..5, run = 4)
exception caught when loading class Unit: java.lang.AssertionError: assertion failed: denotation module class package$ invalid in run 3. ValidFor: Period(1..5, run = 4)
java.lang.AssertionError: assertion failed: denotation class Unit invalid in run 3. ValidFor: Period(1..2, run = 4) while typechecking /Users/stsagarino/Desktop/sht/api/app/model/domain/Habit.scala
exception caught when loading module class language$: Could not read definition of package object Typeable$package in /Users/stsagarino/Library/Caches/Coursier/v1/https/repo1.maven.org/maven2/org/scala-lang/scala3-library_3/3.3.3/scala3-library_3-3.3.3.jar(scala/reflect/Typeable$package.class)
An exception was encountered:
  dotty.tools.dotc.core.CyclicReference: Cyclic reference involving module class Typeable$package$
Run with -Ydebug-unpickling to see full stack trace.
Nov 11, 2024 11:12:05 AM scala.meta.internal.pc.CompilerAccess handleError
SEVERE: A severe compiler error occurred, full details of the error can be found in the error report /Users/stsagarino/Desktop/sht/api/.metals/.reports/metals-full/2024-11-11/r_compiler-error_(root)_11-12-05-583.md
2024.11.11 11:12:11 WARN  javac exited with exit code -1
2024.11.11 11:12:11 INFO  time: compiled root in 9.12s
2024.11.11 11:12:11 INFO  compiling root (10 scala sources and 1 java source)
2024.11.11 11:12:18 WARN  javac exited with exit code -1
2024.11.11 11:12:18 INFO  time: compiled root in 7.31s
2024.11.11 11:12:50 WARN  org.h2.jdbc.JdbcBatchUpdateException: Unique index or primary key violation: "PUBLIC.PRIMARY_KEY_3 ON PUBLIC.TOPLEVEL_SYMBOL(JAR, PATH, SYMBOL) VALUES ( /* key:18575 */ 99, '/org/scalatest/enablers/TableAsserting.scala', 'org/scalatest/enablers/ForResult#')"; SQL statement:
insert into toplevel_symbol (symbol, path, jar) values (?, ?, ?) [23505-230]
	at org.h2.jdbc.JdbcPreparedStatement.executeBatch(JdbcPreparedStatement.java:1277)
	at scala.meta.internal.metals.JarTopLevels.putToplevels(JarTopLevels.scala:139)
	at scala.meta.internal.metals.JarTopLevels.$anonfun$putJarIndexingInfo$1(JarTopLevels.scala:85)
	at scala.runtime.java8.JFunction1$mcII$sp.apply(JFunction1$mcII$sp.scala:17)
	at scala.Option.map(Option.scala:242)
	at scala.meta.internal.metals.JarTopLevels.putJarIndexingInfo(JarTopLevels.scala:84)
	at scala.meta.internal.metals.Indexer.addSourceJarSymbols(Indexer.scala:666)
	at scala.meta.internal.metals.Indexer.$anonfun$indexDependencySources$5(Indexer.scala:491)
	at scala.collection.IterableOnceOps.foreach(IterableOnce.scala:619)
	at scala.collection.IterableOnceOps.foreach$(IterableOnce.scala:617)
	at scala.collection.AbstractIterable.foreach(Iterable.scala:935)
	at scala.collection.IterableOps$WithFilter.foreach(Iterable.scala:905)
	at scala.meta.internal.metals.Indexer.$anonfun$indexDependencySources$1(Indexer.scala:482)
	at scala.meta.internal.metals.Indexer.$anonfun$indexDependencySources$1$adapted(Indexer.scala:481)
	at scala.collection.IterableOnceOps.foreach(IterableOnce.scala:619)
	at scala.collection.IterableOnceOps.foreach$(IterableOnce.scala:617)
	at scala.collection.AbstractIterable.foreach(Iterable.scala:935)
	at scala.meta.internal.metals.Indexer.indexDependencySources(Indexer.scala:481)
	at scala.meta.internal.metals.Indexer.$anonfun$indexWorkspace$17(Indexer.scala:302)
	at scala.runtime.java8.JFunction0$mcV$sp.apply(JFunction0$mcV$sp.scala:18)
	at scala.meta.internal.metals.TimerProvider.timedThunk(TimerProvider.scala:25)
	at scala.meta.internal.metals.Indexer.$anonfun$indexWorkspace$16(Indexer.scala:295)
	at scala.meta.internal.metals.Indexer.$anonfun$indexWorkspace$16$adapted(Indexer.scala:291)
	at scala.collection.immutable.List.foreach(List.scala:334)
	at scala.meta.internal.metals.Indexer.indexWorkspace(Indexer.scala:291)
	at scala.meta.internal.metals.Indexer.$anonfun$profiledIndexWorkspace$2(Indexer.scala:167)
	at scala.runtime.java8.JFunction0$mcV$sp.apply(JFunction0$mcV$sp.scala:18)
	at scala.meta.internal.metals.TimerProvider.timedThunk(TimerProvider.scala:25)
	at scala.meta.internal.metals.Indexer.$anonfun$profiledIndexWorkspace$1(Indexer.scala:167)
	at scala.runtime.java8.JFunction0$mcV$sp.apply(JFunction0$mcV$sp.scala:18)
	at scala.concurrent.Future$.$anonfun$apply$1(Future.scala:687)
	at scala.concurrent.impl.Promise$Transformation.run(Promise.scala:467)
	at java.util.concurrent.ThreadPoolExecutor.runWorker(ThreadPoolExecutor.java:1144)
	at java.util.concurrent.ThreadPoolExecutor$Worker.run(ThreadPoolExecutor.java:642)
	at java.lang.Thread.run(Thread.java:1583)

2024.11.11 11:12:56 INFO  time: indexed workspace in 1m17s
2024.11.11 11:12:56 INFO  compiling root (10 scala sources and 1 java source)
2024.11.11 11:12:59 WARN  javac exited with exit code -1
2024.11.11 11:12:59 INFO  time: compiled root in 2.8s
2024.11.11 11:12:59 INFO  compiling root (10 scala sources and 1 java source)
2024.11.11 11:13:01 WARN  javac exited with exit code -1
2024.11.11 11:13:01 INFO  time: compiled root in 1.85s
2024.11.11 11:13:01 INFO  compiling root (10 scala sources and 1 java source)
2024.11.11 11:13:02 WARN  javac exited with exit code -1
2024.11.11 11:13:02 INFO  time: compiled root in 1.22s
2024.11.11 11:14:48 INFO  compiling root (10 scala sources and 1 java source)
2024.11.11 11:14:51 WARN  javac exited with exit code -1
2024.11.11 11:14:51 INFO  time: compiled root in 3.33s
2024.11.11 11:45:08 INFO  Shutting down server
2024.11.11 11:45:08 INFO  shutting down Metals
2024.11.11 11:45:08 INFO  Shut down connection with build server.
2024.11.11 11:45:21 INFO  Started: Metals version 1.3.5 in folders '/Users/stsagarino/Desktop/sht/api' for client Sublime Text LSP 2.2.0.
2024.11.11 11:45:21 INFO  Shutting down server
2024.11.11 11:45:21 INFO  shutting down Metals
2024.11.11 11:45:30 INFO  Started: Metals version 1.3.5 in folders '/Users/stsagarino/Desktop/sht/api' for client Sublime Text LSP 2.2.0.
SLF4J(W): Class path contains multiple SLF4J providers.
SLF4J(W): Found provider [scribe.slf4j.ScribeServiceProvider@31ad9a48]
SLF4J(W): Found provider [ch.qos.logback.classic.spi.LogbackServiceProvider@7a9155ae]
SLF4J(W): See https://www.slf4j.org/codes.html#multiple_bindings for an explanation.
SLF4J(I): Actual provider is of type [scribe.slf4j.ScribeServiceProvider@31ad9a48]
2024.11.11 11:45:31 WARN  Flyway upgrade recommended: H2 2.3.230 is newer than this version of Flyway and support has not been tested. The latest supported version of H2 is 2.2.220.
2024.11.11 11:45:31 INFO  Attempting to connect to the build server...
2024.11.11 11:45:33 INFO  tracing is disabled for protocol BSP, to enable tracing of incoming and outgoing JSON messages create an empty file at /Users/stsagarino/Desktop/sht/api/.metals/bsp.trace.json or /Users/stsagarino/Library/Caches/org.scalameta.metals/bsp.trace.json
2024.11.11 11:45:33 INFO  time: Connected to build server in 1.85s
2024.11.11 11:45:33 INFO  Connected to Build server: Bloop v1.6.0
2024.11.11 11:45:33 INFO  time: Imported build in 0.28s
2024.11.11 11:45:34 INFO  running doctor check
2024.11.11 11:45:34 INFO  java targets: root-test, root
2024.11.11 11:45:46 WARN  Flyway upgrade recommended: H2 2.3.230 is newer than this version of Flyway and support has not been tested. The latest supported version of H2 is 2.2.220.
2024.11.11 11:45:49 INFO  time: indexed workspace in 15s
2024.11.11 11:45:49 INFO  compiling root (10 scala sources and 1 java source)
2024.11.11 11:45:53 WARN  javac exited with exit code -1
2024.11.11 11:45:53 INFO  time: compiled root in 3.87s
2024.11.11 11:45:53 INFO  compiling root (10 scala sources and 1 java source)
2024.11.11 11:45:56 WARN  javac exited with exit code -1
2024.11.11 11:45:56 INFO  time: compiled root in 3.48s
2024.11.11 12:20:54 INFO  compiling root (10 scala sources and 1 java source)
2024.11.11 12:21:00 INFO  time: compiled root in 6.12s
Nov 11, 2024 12:21:19 PM org.eclipse.lsp4j.jsonrpc.RemoteEndpoint handleCancellation
WARNING: Unmatched cancel notification for request id 154
2024.11.11 12:21:27 INFO  compiling root (10 scala sources and 1 java source)
2024.11.11 12:21:32 WARN  javac exited with exit code -1
2024.11.11 12:21:32 INFO  time: compiled root in 5.03s
2024.11.11 12:32:02 INFO  compiling root (10 scala sources and 1 java source)
2024.11.11 12:32:05 WARN  javac exited with exit code -1
2024.11.11 12:32:05 INFO  time: compiled root in 3.08s
2024.11.11 12:32:08 INFO  compiling root (10 scala sources and 1 java source)
2024.11.11 12:32:08 INFO  time: compiled root in 0.93s
2024.11.11 12:32:17 INFO  compiling root (10 scala sources and 1 java source)
2024.11.11 12:32:17 INFO  time: compiled root in 0.73s
2024.11.11 12:32:32 INFO  compiling root (10 scala sources and 1 java source)
2024.11.11 12:32:35 INFO  time: compiled root in 2.54s
2024.11.11 12:32:39 INFO  compiling root (10 scala sources and 1 java source)
2024.11.11 12:32:43 INFO  time: compiled root in 4.11s
2024.11.11 12:32:43 INFO  compiling root (10 scala sources and 1 java source)
2024.11.11 12:32:46 INFO  time: compiled root in 2.97s
2024.11.11 12:32:52 INFO  compiling root (10 scala sources and 1 java source)
2024.11.11 12:32:53 INFO  time: compiled root in 1.71s
2024.11.11 12:32:53 INFO  compiling root (10 scala sources and 1 java source)
2024.11.11 12:32:55 INFO  time: compiled root in 1.59s
2024.11.11 12:33:11 INFO  compiling root (10 scala sources and 1 java source)
2024.11.11 12:33:14 WARN  javac exited with exit code -1
2024.11.11 12:33:14 INFO  time: compiled root in 2.77s
